Command line: /Users/akshatchauhan/miniforge3/envs/asn2/bin/spades.py	--isolate	--pe1-1	/Users/akshatchauhan/Desktop/JHU/Computational_Genomics/Computatiional_Genomics/hw2/question4/bin/frag180.1.fq	--pe1-2	/Users/akshatchauhan/Desktop/JHU/Computational_Genomics/Computatiional_Genomics/hw2/question4/bin/frag180.2.fq	--mp1-1	/Users/akshatchauhan/Desktop/JHU/Computational_Genomics/Computatiional_Genomics/hw2/question4/bin/jump2k.1.fq	--mp1-2	/Users/akshatchauhan/Desktop/JHU/Computational_Genomics/Computatiional_Genomics/hw2/question4/bin/jump2k.2.fq	-o	/Users/akshatchauhan/Desktop/JHU/Computational_Genomics/Computatiional_Genomics/hw2/question4/bin/asm	-t	4	-k	31	

System information:
  SPAdes version: 4.2.0
  Python version: 3.13.7
  OS: macOS-26.0-arm64-arm-64bit-Mach-O

Output dir: /Users/akshatchauhan/Desktop/JHU/Computational_Genomics/Computatiional_Genomics/hw2/question4/bin/asm
Mode: ONLY assembling (without read error correction)
Debug mode is turned OFF

Dataset parameters:
  Isolate mode
  Reads:
    Library number: 1, library type: paired-end
      orientation: fr
      left reads: ['/Users/akshatchauhan/Desktop/JHU/Computational_Genomics/Computatiional_Genomics/hw2/question4/bin/frag180.1.fq']
      right reads: ['/Users/akshatchauhan/Desktop/JHU/Computational_Genomics/Computatiional_Genomics/hw2/question4/bin/frag180.2.fq']
      interlaced reads: not specified
      single reads: not specified
      merged reads: not specified
    Library number: 2, library type: mate-pairs
      orientation: rf
      left reads: ['/Users/akshatchauhan/Desktop/JHU/Computational_Genomics/Computatiional_Genomics/hw2/question4/bin/jump2k.1.fq']
      right reads: ['/Users/akshatchauhan/Desktop/JHU/Computational_Genomics/Computatiional_Genomics/hw2/question4/bin/jump2k.2.fq']
      interlaced reads: not specified
      single reads: not specified
      merged reads: not specified
Assembly parameters:
  k: [31]
  Repeat resolution is enabled
  Mismatch careful mode is turned OFF
  MismatchCorrector will be SKIPPED
  Coverage cutoff is turned OFF
  Assembly graph output will use GFA v1.2 format
Other parameters:
  Dir for temp files: /Users/akshatchauhan/Desktop/JHU/Computational_Genomics/Computatiional_Genomics/hw2/question4/bin/asm/tmp
  Threads: 4
  Memory limit (in Gb): 250


======= SPAdes pipeline started. Log can be found here: /Users/akshatchauhan/Desktop/JHU/Computational_Genomics/Computatiional_Genomics/hw2/question4/bin/asm/spades.log

/Users/akshatchauhan/Desktop/JHU/Computational_Genomics/Computatiional_Genomics/hw2/question4/bin/frag180.1.fq: max reads length: 100
/Users/akshatchauhan/Desktop/JHU/Computational_Genomics/Computatiional_Genomics/hw2/question4/bin/frag180.2.fq: max reads length: 100

Reads length: 100


===== Before start started. 


===== Assembling started. 


===== K31 started. 


== Running: /Users/akshatchauhan/miniforge3/envs/asn2/bin/spades-core /Users/akshatchauhan/Desktop/JHU/Computational_Genomics/Computatiional_Genomics/hw2/question4/bin/asm/K31/configs/config.info /Users/akshatchauhan/Desktop/JHU/Computational_Genomics/Computatiional_Genomics/hw2/question4/bin/asm/K31/configs/isolate_mode.info

  0:00:00.000     1M / 6M    INFO    General                 (main.cpp                  :  94)   Loaded config from "/Users/akshatchauhan/Desktop/JHU/Computational_Genomics/Computatiional_Genomics/hw2/question4/bin/asm/K31/configs/config.info"
  0:00:00.000     1M / 6M    INFO    General                 (main.cpp                  :  94)   Loaded config from "/Users/akshatchauhan/Desktop/JHU/Computational_Genomics/Computatiional_Genomics/hw2/question4/bin/asm/K31/configs/isolate_mode.info"
  0:00:00.000     1M / 6M    WARN    General                 (memory_limit.cpp          :  53)   Failed to limit memory to 250 Gb, setrlimit(2) call failed, errno = 22 (Invalid argument). Watch your memory consumption!
  0:00:00.000     1M / 6M    INFO    General                 (main.cpp                  : 102)   Starting SPAdes, built from N/A, git revision N/A
  0:00:00.000     1M / 6M    INFO    General                 (main.cpp                  : 103)   Maximum k-mer length: 128
  0:00:00.000     1M / 6M    INFO    General                 (main.cpp                  : 104)   Assembling dataset ("/Users/akshatchauhan/Desktop/JHU/Computational_Genomics/Computatiional_Genomics/hw2/question4/bin/asm/dataset.info") with K=31
  0:00:00.000     1M / 6M    INFO    General                 (main.cpp                  : 105)   Maximum # of threads to use (adjusted due to OMP capabilities): 4
  0:00:00.000     1M / 6M    INFO    General                 (pipeline.cpp              : 221)   SPAdes started
  0:00:00.000     1M / 6M    INFO    General                 (pipeline.cpp              : 234)   Starting from stage: read_conversion
  0:00:00.000     1M / 6M    INFO    General                 (pipeline.cpp              : 245)   Two-step repeat resolution disabled
  0:00:00.000     1M / 6M    INFO   GraphCore                (graph_core.hpp            : 689)   Graph created, vertex min_id: 3, edge min_id: 3
  0:00:00.000     1M / 6M    INFO   GraphCore                (graph_core.hpp            : 690)   Vertex size: 48, edge size: 40
  0:00:00.000     1M / 6M    INFO    General                 (edge_index.hpp            : 134)   Size of edge index entries: 12/8
  0:00:00.000     1M / 6M    INFO    General                 (pipeline.cpp              : 256)   Will need read mapping, kmer mapper will be attached
  0:00:00.000     1M / 6M    INFO   StageManager             (stage.cpp                 : 212)   STAGE == Binary Read Conversion (id: read_conversion)
  0:00:00.001     1M / 6M    INFO    General                 (read_converter.cpp        :  78)   Converting reads to binary format for library #0 (takes a while)
  0:00:00.001     1M / 6M    INFO    General                 (read_converter.cpp        :  99)   Converting paired reads
  0:00:00.043    63M / 63M   INFO    General                 (binary_converter.cpp      : 127)   16384 reads processed
  0:00:00.046    63M / 63M   INFO    General                 (binary_converter.cpp      : 127)   32768 reads processed
  0:00:00.062    63M / 63M   INFO    General                 (binary_converter.cpp      : 143)   35192 reads written
  0:00:00.064    33M / 42M   INFO    General                 (read_converter.cpp        : 113)   Converting single reads
  0:00:00.065    43M / 43M   INFO    General                 (binary_converter.cpp      : 143)   0 reads written
  0:00:00.065    33M / 42M   INFO    General                 (read_converter.cpp        : 119)   Converting merged reads
  0:00:00.065    43M / 43M   INFO    General                 (binary_converter.cpp      : 143)   0 reads written
  0:00:00.066     0M / 42M   INFO    General                 (read_converter.cpp        :  78)   Converting reads to binary format for library #1 (takes a while)
  0:00:00.066     0M / 42M   INFO    General                 (read_converter.cpp        :  99)   Converting paired reads
  0:00:00.099    55M / 55M   INFO    General                 (binary_converter.cpp      : 127)   16384 reads processed
  0:00:00.101    55M / 55M   INFO    General                 (binary_converter.cpp      : 127)   32768 reads processed
  0:00:00.104    55M / 55M   INFO    General                 (binary_converter.cpp      : 127)   65536 reads processed
  0:00:00.121    55M / 55M   INFO    General                 (binary_converter.cpp      : 143)   70384 reads written
  0:00:00.122    25M / 54M   INFO    General                 (read_converter.cpp        : 113)   Converting single reads
  0:00:00.123    35M / 54M   INFO    General                 (binary_converter.cpp      : 143)   0 reads written
  0:00:00.123    25M / 54M   INFO    General                 (read_converter.cpp        : 119)   Converting merged reads
  0:00:00.123    35M / 54M   INFO    General                 (binary_converter.cpp      : 143)   0 reads written
  0:00:00.173     1M / 54M   INFO   StageManager             (stage.cpp                 : 212)   STAGE == de Bruijn graph construction (id: construction)
  0:00:00.173     1M / 54M   INFO    General                 (construction.cpp          : 150)   Max read length 100
  0:00:00.173     1M / 54M   INFO    General                 (construction.cpp          : 156)   Average read length 100
  0:00:00.173     1M / 54M   INFO    General                 (stage.cpp                 : 121)   PROCEDURE == k+1-mer counting (id: construction:kpomer_counting)
  0:00:00.173     1M / 54M   INFO    General                 (kmer_index_builder.hpp    : 308)   Splitting kmer instances into 40 files using 4 threads. This might take a while.
  0:00:00.175     1M / 54M   INFO    General                 (file_limit.hpp            :  43)   Open file limit set to 10240
  0:00:00.175     1M / 54M   INFO    General                 (kmer_splitter.hpp         :  96)   Memory available for splitting buffers: 7.15828e+08 Gb
  0:00:00.175     1M / 54M   INFO    General                 (kmer_splitter.hpp         : 104)   Using cell size of 1677721
  0:00:00.254  2401M / 2401M INFO    General                 (kmer_splitters.hpp        : 128)   Processed 140768 reads
  0:00:00.254     1M / 98M   INFO    General                 (kmer_splitters.hpp        : 134)   Used 140768 reads
  0:00:00.261     1M / 98M   INFO    General                 (kmer_index_builder.hpp    : 314)   Starting k-mer counting.
  0:00:00.268     1M / 98M   INFO    General                 (kmer_index_builder.hpp    : 325)   K-mer counting done. There are 1314669 kmers in total.
  0:00:00.268     1M / 98M   INFO    General                 (stage.cpp                 : 121)   PROCEDURE == Extension index construction (id: construction:extension_index_construction)
  0:00:00.269     1M / 98M   INFO   K-mer Index Building     (kmer_index_builder.hpp    : 503)   Building kmer index
  0:00:00.269     1M / 98M   INFO    General                 (kmer_index_builder.hpp    : 308)   Splitting kmer instances into 40 files using 4 threads. This might take a while.
  0:00:00.272     1M / 98M   INFO    General                 (file_limit.hpp            :  43)   Open file limit set to 10240
  0:00:00.272     1M / 98M   INFO    General                 (kmer_splitter.hpp         :  96)   Memory available for splitting buffers: 7.15828e+08 Gb
  0:00:00.272     1M / 98M   INFO    General                 (kmer_splitter.hpp         : 104)   Using cell size of 1677721
  0:00:00.311  2401M / 2401M INFO    General                 (kmer_splitters.hpp        : 197)   Processed 1314669 kmers
  0:00:00.311  2401M / 2401M INFO    General                 (kmer_splitters.hpp        : 202)   Used 1314669 kmers.
  0:00:00.311     1M / 109M  INFO    General                 (kmer_index_builder.hpp    : 314)   Starting k-mer counting.
  0:00:00.323     1M / 109M  INFO    General                 (kmer_index_builder.hpp    : 325)   K-mer counting done. There are 1300122 kmers in total.
  0:00:00.323     1M / 109M  INFO   K-mer Index Building     (kmer_index_builder.hpp    : 460)   Building perfect hash indices
  0:00:00.343     2M / 110M  INFO   K-mer Index Building     (kmer_index_builder.hpp    : 496)   Index built. Total 1300122 kmers, 969088 bytes occupied (5.96306 bits per kmer).
  0:00:00.343     2M / 110M  INFO    General                 (kmer_index_builder.hpp    : 191)   Merging final buckets.
  0:00:00.362     3M / 111M  INFO   DeBruijnExtensionIndexBu (kmer_extension_index_build: 101)   Building k-mer extensions from k+1-mers
  0:00:00.395     3M / 111M  INFO   DeBruijnExtensionIndexBu (kmer_extension_index_build: 106)   Building k-mer extensions from k+1-mers finished.
  0:00:00.395     3M / 101M  INFO    General                 (stage.cpp                 : 121)   PROCEDURE == Condensing graph (id: construction:graph_condensing)
  0:00:00.396     3M / 101M  INFO   UnbranchingPathExtractor (debruijn_graph_constructor: 324)   Extracting unbranching paths
  0:00:00.457     7M / 117M  INFO   UnbranchingPathExtractor (debruijn_graph_constructor: 348)   Extracting unbranching paths finished. 95967 sequences extracted
  0:00:00.490     7M / 108M  INFO   UnbranchingPathExtractor (debruijn_graph_constructor: 362)   Collecting perfect loops
  0:00:00.504     7M / 118M  INFO   UnbranchingPathExtractor (debruijn_graph_constructor: 395)   Collecting perfect loops finished. 0 loops collected
  0:00:00.505     7M / 108M  INFO   DeBruijnGraphConstructor (debruijn_graph_constructor: 593)   Sorting edges...
  0:00:00.511     7M / 108M  INFO   DeBruijnGraphConstructor (debruijn_graph_constructor: 598)   Edges sorted
  0:00:00.511     7M / 108M  INFO    General                 (debruijn_graph_constructor: 511)   Total 191934 edges to create
  0:00:00.511    15M / 108M  INFO    General                 (debruijn_graph_constructor: 514)   Collecting link records
  0:00:00.538    18M / 111M  INFO    General                 (debruijn_graph_constructor: 519)   Ordering link records
  0:00:00.550    18M / 111M  INFO    General                 (debruijn_graph_constructor: 525)   Sorting done
  0:00:00.550    19M / 112M  INFO    General                 (debruijn_graph_constructor: 538)   Sorting LinkRecords...
  0:00:00.554    19M / 112M  INFO    General                 (debruijn_graph_constructor: 544)   LinkRecords sorted
  0:00:00.554    19M / 112M  INFO    General                 (debruijn_graph_constructor: 546)   Total 81420 vertices to create
  0:00:00.554    26M / 112M  INFO    General                 (debruijn_graph_constructor: 549)   Connecting the graph
  0:00:00.575    21M / 120M  INFO    General                 (stage.cpp                 : 121)   PROCEDURE == Filling coverage indices (PHM) (id: construction:coverage_filling_phm)
  0:00:00.575    21M / 120M  INFO   K-mer Index Building     (kmer_index_builder.hpp    : 460)   Building perfect hash indices
  0:00:00.593    22M / 120M  INFO   K-mer Index Building     (kmer_index_builder.hpp    : 496)   Index built. Total 1314669 kmers, 979608 bytes occupied (5.96109 bits per kmer).
  0:00:00.594    27M / 124M  INFO    General                 (coverage_hash_map_builder.:  49)   Collecting k-mer coverage information from reads, this takes a while.
  0:00:00.667    27M / 124M  INFO    General                 (construction.cpp          : 400)   Filling coverage and flanking coverage from PHM
  0:00:00.704    27M / 124M  INFO    General                 (coverage_filling.hpp      :  83)   Processed 191934 edges
  0:00:00.709    18M / 124M  INFO   StageManager             (stage.cpp                 : 212)   STAGE == EC Threshold Finding (id: ec_threshold_finder)
  0:00:00.709    18M / 124M  INFO    General                 (kmer_coverage_model.cpp   : 182)   Kmer coverage valley at: 2
  0:00:00.709    18M / 124M  INFO    General                 (kmer_coverage_model.cpp   : 202)   K-mer histogram maximum: 15
  0:00:00.709    18M / 124M  INFO    General                 (kmer_coverage_model.cpp   : 238)   Estimated median coverage: 16. Coverage mad: 5.9304
  0:00:00.709    18M / 124M  INFO    General                 (kmer_coverage_model.cpp   : 260)   Fitting coverage model
  0:00:00.710    18M / 124M  INFO    General                 (kmer_coverage_model.cpp   : 296)   ... iteration 2
  0:00:00.713    18M / 124M  INFO    General                 (kmer_coverage_model.cpp   : 296)   ... iteration 4
  0:00:00.723    18M / 124M  INFO    General                 (kmer_coverage_model.cpp   : 296)   ... iteration 8
  0:00:00.744    18M / 124M  INFO    General                 (kmer_coverage_model.cpp   : 296)   ... iteration 16
  0:00:00.752    18M / 124M  INFO    General                 (kmer_coverage_model.cpp   : 310)   Fitted mean coverage: 16.0382. Fitted coverage std. dev: 3.98524
  0:00:00.752    18M / 124M  INFO    General                 (kmer_coverage_model.cpp   : 335)   Probability of erroneous kmer at valley: 0.875331
  0:00:00.752    18M / 124M  INFO    General                 (kmer_coverage_model.cpp   : 359)   Preliminary threshold calculated as: 4
  0:00:00.752    18M / 124M  INFO    General                 (kmer_coverage_model.cpp   : 363)   Threshold adjusted to: 4
  0:00:00.752    18M / 124M  INFO    General                 (kmer_coverage_model.cpp   : 376)   Estimated genome size (ignoring repeats): 234193
  0:00:00.752    18M / 124M  INFO    General                 (genomic_info_filler.cpp   :  56)   Mean coverage was calculated as 16.0382
  0:00:00.752    18M / 124M  INFO    General                 (genomic_info_filler.cpp   :  71)   EC coverage threshold value was calculated as 4
  0:00:00.752    18M / 124M  INFO    General                 (genomic_info_filler.cpp   :  72)   Trusted kmer low bound: 0
  0:00:00.752    18M / 124M  INFO   StageManager             (stage.cpp                 : 212)   STAGE == Gap Closer (id: early_gapcloser)
  0:00:00.753    32M / 124M  INFO    General                 (edge_index.hpp            : 134)   Size of edge index entries: 12/8
  0:00:00.757    33M / 125M  INFO    General                 (gap_closer.cpp            : 117)   Total edges in tip neighborhood: 29207 out of 191934, length: 596418
  0:00:00.757    33M / 125M  INFO    General                 (edge_index.hpp            : 196)   Using small index (max_id = 192896)
  0:00:00.762    33M / 125M  INFO   K-mer Index Building     (kmer_index_builder.hpp    : 460)   Building perfect hash indices
  0:00:00.787    34M / 126M  INFO   K-mer Index Building     (kmer_index_builder.hpp    : 496)   Index built. Total 588017 kmers, 425448 bytes occupied (5.78824 bits per kmer).
  0:00:00.788    38M / 128M  INFO    General                 (edge_index_builders.hpp   : 266)   Collecting edge information from graph, this takes a while.
  0:00:00.796    38M / 128M  INFO    General                 (sequence_mapper_notifier.h:  80)   Starting sequence mapping
  0:00:00.899    38M / 128M  INFO    General                 (sequence_mapper_notifier.h: 120)   Total 35192 reads processed
  0:00:00.900    33M / 129M  INFO    General                 (gap_closer.cpp            : 505)   Initializing gap closer
  0:00:00.901    33M / 129M  INFO   GapCloser                (gap_closer.cpp            : 421)   Collecting gap candidates
  0:00:00.902    33M / 129M  INFO   GapCloser                (gap_closer.cpp            : 425)   Total 42 tips collected, total 44 connection candidates
  0:00:00.903    33M / 129M  INFO   GapCloser                (gap_closer.cpp            : 448)   Closing short gaps complete: filled 1 gaps after checking 43 candidates
  0:00:00.903    33M / 129M  INFO    General                 (gap_closer.cpp            : 510)   Gap closer done
  0:00:00.904    18M / 129M  INFO   StageManager             (stage.cpp                 : 212)   STAGE == Raw Simplification (id: raw_simplification)
  0:00:00.904    18M / 129M  INFO    General                 (simplification.cpp        : 129)   PROCEDURE == Initial cleaning
  0:00:00.904    18M / 129M  INFO    General                 (simplification.cpp        :  63)   Most init cleaning disabled on main iteration
  0:00:00.904    18M / 129M  INFO   Simplification           (parallel_processing.hpp   : 168)   Running Self conjugate edge remover
  0:00:00.905    18M / 129M  INFO   Simplification           (parallel_processing.hpp   : 171)   Self conjugate edge remover triggered 0 times
  0:00:00.905    18M / 129M  INFO   StageManager             (stage.cpp                 : 212)   STAGE == Simplification (id: simplification)
  0:00:00.905    18M / 129M  INFO    General                 (simplification.cpp        : 397)   Graph simplification started
  0:00:00.905    18M / 129M  INFO    General                 (graph_simplification.hpp  : 646)   Creating parallel br instance
  0:00:00.905    18M / 129M  INFO    General                 (simplification.cpp        : 402)   PROCEDURE == Simplification cycle, iteration 1
  0:00:00.905    18M / 129M  INFO   Simplification           (parallel_processing.hpp   : 168)   Running Tip clipper
  0:00:00.942    18M / 129M  INFO   Simplification           (parallel_processing.hpp   : 171)   Tip clipper triggered 28760 times
  0:00:00.942    18M / 129M  INFO   Simplification           (parallel_processing.hpp   : 168)   Running Bulge remover
  0:00:01.254    48M / 133M  INFO   Simplification           (parallel_processing.hpp   : 171)   Bulge remover triggered 14637 times
  0:00:01.254    48M / 133M  INFO   Simplification           (parallel_processing.hpp   : 168)   Running Low coverage edge remover
  0:00:01.254    48M / 133M  INFO   Simplification           (parallel_processing.hpp   : 171)   Low coverage edge remover triggered 0 times
  0:00:01.254    48M / 133M  INFO    General                 (simplification.cpp        : 402)   PROCEDURE == Simplification cycle, iteration 2
  0:00:01.254    48M / 133M  INFO   Simplification           (parallel_processing.hpp   : 168)   Running Tip clipper
  0:00:01.256    48M / 133M  INFO   Simplification           (parallel_processing.hpp   : 171)   Tip clipper triggered 52 times
  0:00:01.256    48M / 133M  INFO   Simplification           (parallel_processing.hpp   : 168)   Running Bulge remover
  0:00:01.256    48M / 133M  INFO   Simplification           (parallel_processing.hpp   : 171)   Bulge remover triggered 0 times
  0:00:01.256    48M / 133M  INFO   Simplification           (parallel_processing.hpp   : 168)   Running Low coverage edge remover
  0:00:01.256    48M / 133M  INFO   Simplification           (parallel_processing.hpp   : 171)   Low coverage edge remover triggered 0 times
  0:00:01.256    48M / 133M  INFO    General                 (simplification.cpp        : 402)   PROCEDURE == Simplification cycle, iteration 3
  0:00:01.256    48M / 133M  INFO   Simplification           (parallel_processing.hpp   : 168)   Running Tip clipper
  0:00:01.256    48M / 133M  INFO   Simplification           (parallel_processing.hpp   : 171)   Tip clipper triggered 0 times
  0:00:01.256    48M / 133M  INFO   Simplification           (parallel_processing.hpp   : 168)   Running Bulge remover
  0:00:01.256    48M / 133M  INFO   Simplification           (parallel_processing.hpp   : 171)   Bulge remover triggered 0 times
  0:00:01.256    48M / 133M  INFO   Simplification           (parallel_processing.hpp   : 168)   Running Low coverage edge remover
  0:00:01.257    48M / 133M  INFO   Simplification           (parallel_processing.hpp   : 171)   Low coverage edge remover triggered 25 times
  0:00:01.257    48M / 133M  INFO    General                 (simplification.cpp        : 402)   PROCEDURE == Simplification cycle, iteration 4
  0:00:01.257    48M / 133M  INFO   Simplification           (parallel_processing.hpp   : 168)   Running Tip clipper
  0:00:01.257    48M / 133M  INFO   Simplification           (parallel_processing.hpp   : 171)   Tip clipper triggered 3 times
  0:00:01.257    48M / 133M  INFO   Simplification           (parallel_processing.hpp   : 168)   Running Bulge remover
  0:00:01.258    48M / 133M  INFO   Simplification           (parallel_processing.hpp   : 171)   Bulge remover triggered 3 times
  0:00:01.258    48M / 133M  INFO   Simplification           (parallel_processing.hpp   : 168)   Running Low coverage edge remover
  0:00:01.258    48M / 133M  INFO   Simplification           (parallel_processing.hpp   : 171)   Low coverage edge remover triggered 0 times
  0:00:01.258    48M / 133M  INFO    General                 (simplification.cpp        : 402)   PROCEDURE == Simplification cycle, iteration 5
  0:00:01.258    48M / 133M  INFO   Simplification           (parallel_processing.hpp   : 168)   Running Tip clipper
  0:00:01.258    48M / 133M  INFO   Simplification           (parallel_processing.hpp   : 171)   Tip clipper triggered 0 times
  0:00:01.258    48M / 133M  INFO   Simplification           (parallel_processing.hpp   : 168)   Running Bulge remover
  0:00:01.258    48M / 133M  INFO   Simplification           (parallel_processing.hpp   : 171)   Bulge remover triggered 0 times
  0:00:01.258    48M / 133M  INFO   Simplification           (parallel_processing.hpp   : 168)   Running Low coverage edge remover
  0:00:01.258    48M / 133M  INFO   Simplification           (parallel_processing.hpp   : 171)   Low coverage edge remover triggered 1 times
  0:00:01.258    48M / 133M  INFO    General                 (simplification.cpp        : 402)   PROCEDURE == Simplification cycle, iteration 6
  0:00:01.258    48M / 133M  INFO   Simplification           (parallel_processing.hpp   : 168)   Running Tip clipper
  0:00:01.258    48M / 133M  INFO   Simplification           (parallel_processing.hpp   : 171)   Tip clipper triggered 0 times
  0:00:01.258    48M / 133M  INFO   Simplification           (parallel_processing.hpp   : 168)   Running Bulge remover
  0:00:01.258    48M / 133M  INFO   Simplification           (parallel_processing.hpp   : 171)   Bulge remover triggered 0 times
  0:00:01.258    48M / 133M  INFO   Simplification           (parallel_processing.hpp   : 168)   Running Low coverage edge remover
  0:00:01.258    48M / 133M  INFO   Simplification           (parallel_processing.hpp   : 171)   Low coverage edge remover triggered 0 times
  0:00:01.258    48M / 133M  INFO    General                 (simplification.cpp        : 402)   PROCEDURE == Simplification cycle, iteration 7
  0:00:01.259    48M / 133M  INFO   Simplification           (parallel_processing.hpp   : 168)   Running Tip clipper
  0:00:01.259    48M / 133M  INFO   Simplification           (parallel_processing.hpp   : 171)   Tip clipper triggered 0 times
  0:00:01.259    48M / 133M  INFO   Simplification           (parallel_processing.hpp   : 168)   Running Bulge remover
  0:00:01.259    48M / 133M  INFO   Simplification           (parallel_processing.hpp   : 171)   Bulge remover triggered 0 times
  0:00:01.259    48M / 133M  INFO   Simplification           (parallel_processing.hpp   : 168)   Running Low coverage edge remover
  0:00:01.259    48M / 133M  INFO   Simplification           (parallel_processing.hpp   : 171)   Low coverage edge remover triggered 0 times
  0:00:01.259    48M / 133M  INFO    General                 (simplification.cpp        : 402)   PROCEDURE == Simplification cycle, iteration 8
  0:00:01.259    48M / 133M  INFO   Simplification           (parallel_processing.hpp   : 168)   Running Tip clipper
  0:00:01.259    48M / 133M  INFO   Simplification           (parallel_processing.hpp   : 171)   Tip clipper triggered 0 times
  0:00:01.259    48M / 133M  INFO   Simplification           (parallel_processing.hpp   : 168)   Running Bulge remover
  0:00:01.259    48M / 133M  INFO   Simplification           (parallel_processing.hpp   : 171)   Bulge remover triggered 0 times
  0:00:01.259    48M / 133M  INFO   Simplification           (parallel_processing.hpp   : 168)   Running Low coverage edge remover
  0:00:01.259    48M / 133M  INFO   Simplification           (parallel_processing.hpp   : 171)   Low coverage edge remover triggered 0 times
  0:00:01.259    48M / 133M  INFO    General                 (simplification.cpp        : 402)   PROCEDURE == Simplification cycle, iteration 9
  0:00:01.259    48M / 133M  INFO   Simplification           (parallel_processing.hpp   : 168)   Running Tip clipper
  0:00:01.259    48M / 133M  INFO   Simplification           (parallel_processing.hpp   : 171)   Tip clipper triggered 0 times
  0:00:01.259    48M / 133M  INFO   Simplification           (parallel_processing.hpp   : 168)   Running Bulge remover
  0:00:01.259    48M / 133M  INFO   Simplification           (parallel_processing.hpp   : 171)   Bulge remover triggered 0 times
  0:00:01.259    48M / 133M  INFO   Simplification           (parallel_processing.hpp   : 168)   Running Low coverage edge remover
  0:00:01.259    48M / 133M  INFO   Simplification           (parallel_processing.hpp   : 171)   Low coverage edge remover triggered 0 times
  0:00:01.259    48M / 133M  INFO    General                 (simplification.cpp        : 402)   PROCEDURE == Simplification cycle, iteration 10
  0:00:01.259    48M / 133M  INFO   Simplification           (parallel_processing.hpp   : 168)   Running Tip clipper
  0:00:01.259    48M / 133M  INFO   Simplification           (parallel_processing.hpp   : 171)   Tip clipper triggered 0 times
  0:00:01.259    48M / 133M  INFO   Simplification           (parallel_processing.hpp   : 168)   Running Bulge remover
  0:00:01.259    48M / 133M  INFO   Simplification           (parallel_processing.hpp   : 171)   Bulge remover triggered 0 times
  0:00:01.259    48M / 133M  INFO   Simplification           (parallel_processing.hpp   : 168)   Running Low coverage edge remover
  0:00:01.259    48M / 133M  INFO   Simplification           (parallel_processing.hpp   : 171)   Low coverage edge remover triggered 0 times
  0:00:01.259    48M / 133M  INFO    General                 (simplification.cpp        : 402)   PROCEDURE == Simplification cycle, iteration 11
  0:00:01.260    48M / 133M  INFO   Simplification           (parallel_processing.hpp   : 168)   Running Tip clipper
  0:00:01.260    48M / 133M  INFO   Simplification           (parallel_processing.hpp   : 171)   Tip clipper triggered 0 times
  0:00:01.260    48M / 133M  INFO   Simplification           (parallel_processing.hpp   : 168)   Running Bulge remover
  0:00:01.260    48M / 133M  INFO   Simplification           (parallel_processing.hpp   : 171)   Bulge remover triggered 0 times
  0:00:01.260    48M / 133M  INFO   Simplification           (parallel_processing.hpp   : 168)   Running Low coverage edge remover
  0:00:01.260    48M / 133M  INFO   Simplification           (parallel_processing.hpp   : 171)   Low coverage edge remover triggered 0 times
  0:00:01.260    47M / 133M  INFO   StageManager             (stage.cpp                 : 212)   STAGE == Gap Closer (id: late_gapcloser)
  0:00:01.261    60M / 141M  INFO    General                 (edge_index.hpp            : 134)   Size of edge index entries: 12/8
  0:00:01.262    60M / 141M  INFO    General                 (gap_closer.cpp            : 117)   Total edges in tip neighborhood: 240 out of 252, length: 373309
  0:00:01.262    60M / 141M  INFO    General                 (edge_index.hpp            : 196)   Using small index (max_id = 192896)
  0:00:01.264    60M / 141M  INFO   K-mer Index Building     (kmer_index_builder.hpp    : 460)   Building perfect hash indices
  0:00:01.281    60M / 141M  INFO   K-mer Index Building     (kmer_index_builder.hpp    : 496)   Index built. Total 236663 kmers, 171688 bytes occupied (5.80363 bits per kmer).
  0:00:01.282    62M / 141M  INFO    General                 (edge_index_builders.hpp   : 266)   Collecting edge information from graph, this takes a while.
  0:00:01.286    62M / 141M  INFO    General                 (sequence_mapper_notifier.h:  80)   Starting sequence mapping
  0:00:01.371    62M / 141M  INFO    General                 (sequence_mapper_notifier.h: 120)   Total 35192 reads processed
  0:00:01.373    60M / 141M  INFO    General                 (gap_closer.cpp            : 505)   Initializing gap closer
  0:00:01.373    60M / 141M  INFO   GapCloser                (gap_closer.cpp            : 421)   Collecting gap candidates
  0:00:01.373    60M / 141M  INFO   GapCloser                (gap_closer.cpp            : 425)   Total 0 tips collected, total 0 connection candidates
  0:00:01.373    60M / 141M  INFO   GapCloser                (gap_closer.cpp            : 448)   Closing short gaps complete: filled 0 gaps after checking 0 candidates
  0:00:01.373    60M / 141M  INFO    General                 (gap_closer.cpp            : 510)   Gap closer done
  0:00:01.373    47M / 141M  INFO   StageManager             (stage.cpp                 : 212)   STAGE == Simplification Cleanup (id: simplification_cleanup)
  0:00:01.373    47M / 141M  INFO    General                 (simplification.cpp        : 189)   PROCEDURE == Post simplification
  0:00:01.373    47M / 141M  INFO    General                 (graph_simplification.hpp  : 455)   Disconnection of relatively low covered edges disabled
  0:00:01.373    47M / 141M  INFO    General                 (graph_simplification.hpp  : 494)   Complex tip clipping disabled
  0:00:01.373    47M / 141M  INFO    General                 (graph_simplification.hpp  : 646)   Creating parallel br instance
  0:00:01.373    47M / 141M  INFO   Simplification           (parallel_processing.hpp   : 168)   Running Tip clipper
  0:00:01.374    47M / 141M  INFO   Simplification           (parallel_processing.hpp   : 171)   Tip clipper triggered 0 times
  0:00:01.374    47M / 141M  INFO   Simplification           (parallel_processing.hpp   : 168)   Running Bulge remover
  0:00:01.374    47M / 141M  INFO   Simplification           (parallel_processing.hpp   : 171)   Bulge remover triggered 0 times
  0:00:01.374    47M / 141M  INFO   Simplification           (parallel_processing.hpp   : 168)   Running Tip clipper
  0:00:01.374    47M / 141M  INFO   Simplification           (parallel_processing.hpp   : 171)   Tip clipper triggered 0 times
  0:00:01.374    47M / 141M  INFO   Simplification           (parallel_processing.hpp   : 168)   Running Bulge remover
  0:00:01.374    47M / 141M  INFO   Simplification           (parallel_processing.hpp   : 171)   Bulge remover triggered 0 times
  0:00:01.374    47M / 141M  INFO    General                 (simplification.cpp        : 348)   Disrupting self-conjugate edges
  0:00:01.374    47M / 141M  INFO   Simplification           (parallel_processing.hpp   : 168)   Running Removing isolated edges
  0:00:01.374    47M / 141M  INFO   Simplification           (parallel_processing.hpp   : 171)   Removing isolated edges triggered 116 times
  0:00:01.375    47M / 141M  INFO    General                 (simplification.cpp        : 508)   After simplification:
  0:00:01.375    47M / 141M  INFO    General                 (simplification.cpp        : 509)     Average coverage = 18.1942
  0:00:01.375    47M / 141M  INFO    General                 (simplification.cpp        : 510)     Total length = 234423
  0:00:01.375    47M / 141M  INFO    General                 (simplification.cpp        : 511)     Median edge length: 47818
  0:00:01.375    47M / 141M  INFO    General                 (simplification.cpp        : 512)     Edges: 20
  0:00:01.375    47M / 141M  INFO    General                 (simplification.cpp        : 513)     Vertices: 24
  0:00:01.375    47M / 141M  INFO   StageManager             (stage.cpp                 : 212)   STAGE == Mismatch Correction (id: mismatch_correction)
  0:00:01.375    47M / 141M  INFO    General                 (graph_pack_helpers.cpp    :  44)   Index refill
  0:00:01.375    47M / 141M  INFO    General                 (edge_index.hpp            : 175)   Using small index (max_id = 192896)
  0:00:01.380    47M / 141M  INFO   K-mer Index Building     (kmer_index_builder.hpp    : 460)   Building perfect hash indices
  0:00:01.409    47M / 141M  INFO   K-mer Index Building     (kmer_index_builder.hpp    : 496)   Index built. Total 234423 kmers, 170056 bytes occupied (5.80339 bits per kmer).
  0:00:01.409    49M / 141M  INFO    General                 (edge_index_builders.hpp   : 253)   Collecting edge information from graph, this takes a while.
  0:00:01.419    49M / 141M  INFO    General                 (graph_pack_helpers.cpp    :  54)   Normalizing k-mer map. Total 986036 kmers to process
  0:00:01.506    49M / 141M  INFO    General                 (kmer_mapper.hpp           :  87)   Total 5404 kmers with non-trivial roots
  0:00:01.507    49M / 141M  INFO    General                 (graph_pack_helpers.cpp    :  56)   Normalizing done
  0:00:01.507    49M / 141M  INFO    General                 (mismatch_correction.cpp   : 421)   Collect potential mismatches
  0:00:01.596    49M / 141M  INFO    General                 (mismatch_correction.cpp   : 215)   Total 20 edges (out of 20) with 32792 potential mismatch positions (1639.6 positions per edge)
  0:00:01.596    49M / 141M  INFO    General                 (mismatch_correction.cpp   : 423)   Potential mismatches collected
  0:00:01.596    49M / 141M  INFO    General                 (sequence_mapper_notifier.h:  80)   Starting sequence mapping
  0:00:01.811    58M / 143M  INFO    General                 (sequence_mapper_notifier.h: 120)   Total 140768 reads processed
  0:00:01.813    51M / 143M  INFO    General                 (mismatch_correction.cpp   : 416)   All edges processed
  0:00:01.814    49M / 143M  INFO    General                 (mismatch_correction.cpp   : 471)   Corrected 0 nucleotides
  0:00:01.814    49M / 143M  INFO   StageManager             (stage.cpp                 : 212)   STAGE == Contig Output (id: contig_output)
  0:00:01.814    49M / 143M  INFO    General                 (contig_output.hpp         :  20)   Outputting contigs to "/Users/akshatchauhan/Desktop/JHU/Computational_Genomics/Computatiional_Genomics/hw2/question4/bin/asm/K31/before_rr.fasta"
  0:00:01.815    49M / 144M  INFO    General                 (contig_output_stage.cpp   : 159)   Writing GFA graph to "/Users/akshatchauhan/Desktop/JHU/Computational_Genomics/Computatiional_Genomics/hw2/question4/bin/asm/K31/assembly_graph_after_simplification.gfa"
  0:00:01.815    49M / 144M  INFO   StageManager             (stage.cpp                 : 212)   STAGE == Paired Information Counting (id: late_pair_info_count)
  0:00:01.815    49M / 144M  INFO    General                 (graph_pack_helpers.cpp    :  54)   Normalizing k-mer map. Total 986036 kmers to process
  0:00:01.815    49M / 144M  INFO    General                 (graph_pack_helpers.cpp    :  56)   Normalizing done
  0:00:01.816    49M / 144M  INFO    General                 (pair_info_count.cpp       : 165)   Min edge length for estimation: 47818
  0:00:01.816    49M / 144M  INFO    General                 (pair_info_count.cpp       : 176)   Estimating insert size for library #0
  0:00:01.816    49M / 144M  INFO    General                 (pair_info_count.cpp       :  41)   Selecting usual mapper
  0:00:01.816    49M / 144M  INFO    General                 (paired_info_utils.cpp     : 102)   Estimating insert size (takes a while)
  0:00:01.834   129M / 208M  INFO    General                 (sequence_mapper_notifier.h:  80)   Starting sequence mapping
  0:00:01.957   129M / 208M  INFO    General                 (sequence_mapper_notifier.h: 120)   Total 35192 reads processed
  0:00:01.987   129M / 208M  INFO    General                 (paired_info_utils.cpp     : 119)   Edge pairs: 56
  0:00:01.987   129M / 208M  INFO    General                 (paired_info_utils.cpp     : 123)   20874 paired reads (59.3146% of all) aligned to long edges
  0:00:01.987    49M / 208M  INFO    General                 (pair_info_count.cpp       : 200)     Insert size = 179.96, deviation = 19.8919, left quantile = 155, right quantile = 206, read length = 100
  0:00:01.988    49M / 208M  INFO    General                 (pair_info_count.cpp       : 211)   Filtering data for library #0
  0:00:01.988    49M / 208M  INFO    General                 (pair_info_count.cpp       :  41)   Selecting usual mapper
  0:00:01.989    49M / 208M  INFO    General                 (sequence_mapper_notifier.h:  80)   Starting sequence mapping
  0:00:02.074    49M / 208M  INFO    General                 (sequence_mapper_notifier.h: 120)   Total 35192 reads processed
  0:00:02.074    49M / 208M  INFO    General                 (pair_info_count.cpp       : 216)   Mapping library #0
  0:00:02.074    49M / 208M  INFO    General                 (pair_info_count.cpp       : 218)   Mapping paired reads (takes a while)
  0:00:02.074    49M / 208M  INFO    General                 (pair_info_count.cpp       :  41)   Selecting usual mapper
  0:00:02.074    49M / 208M  INFO    General                 (paired_info_utils.cpp     : 155)   Left insert size quantile 155, right insert size quantile 206, filtering threshold 2, rounding threshold 0
  0:00:02.076    62M / 212M  INFO    General                 (sequence_mapper_notifier.h:  80)   Starting sequence mapping
  0:00:02.155    62M / 212M  INFO    General                 (sequence_mapper_notifier.h: 120)   Total 35192 reads processed
  0:00:02.156    49M / 212M  INFO    General                 (pair_info_count.cpp       : 176)   Estimating insert size for library #1
  0:00:02.157    49M / 212M  INFO    General                 (pair_info_count.cpp       :  32)   Mapping mate-pairs using BWA-mem mapper
  0:00:02.157    49M / 212M  INFO   BWAIndex                 (bwa_index.cpp             :  42)   Setting BWA alignment mode to 'default'
  0:00:02.158    49M / 212M  INFO    General                 (bwa_index.cpp             : 150)   Using BWA IS algorithm
  0:00:02.198    49M / 212M  INFO    General                 (paired_info_utils.cpp     : 102)   Estimating insert size (takes a while)
  0:00:02.202   129M / 251M  INFO    General                 (sequence_mapper_notifier.h:  80)   Starting sequence mapping
  0:00:02.484   129M / 251M  INFO    General                 (sequence_mapper_notifier.h: 120)   Total 70384 reads processed
  0:00:02.514   129M / 251M  INFO    General                 (paired_info_utils.cpp     : 119)   Edge pairs: 25
  0:00:02.515   129M / 251M  INFO    General                 (paired_info_utils.cpp     : 123)   41191 paired reads (58.5232% of all) aligned to long edges
  0:00:02.515    49M / 251M  INFO    General                 (pair_info_count.cpp       : 200)     Insert size = 2001.19, deviation = 200.689, left quantile = 1744, right quantile = 2258, read length = 50
  0:00:02.516    49M / 251M  INFO    General                 (pair_info_count.cpp       : 216)   Mapping library #1
  0:00:02.516    49M / 251M  INFO    General                 (pair_info_count.cpp       : 218)   Mapping paired reads (takes a while)
  0:00:02.516    49M / 251M  INFO    General                 (pair_info_count.cpp       :  32)   Mapping mate-pairs using BWA-mem mapper
  0:00:02.516    49M / 251M  INFO   BWAIndex                 (bwa_index.cpp             :  42)   Setting BWA alignment mode to 'default'
  0:00:02.517    49M / 251M  INFO    General                 (bwa_index.cpp             : 150)   Using BWA IS algorithm
  0:00:02.546    49M / 251M  INFO    General                 (paired_info_utils.cpp     : 155)   Left insert size quantile 1744, right insert size quantile 2258, filtering threshold 2, rounding threshold 0
  0:00:02.547    62M / 251M  INFO    General                 (sequence_mapper_notifier.h:  80)   Starting sequence mapping
  0:00:02.806    62M / 251M  INFO    General                 (sequence_mapper_notifier.h: 120)   Total 70384 reads processed
  0:00:02.807    49M / 251M  INFO   StageManager             (stage.cpp                 : 212)   STAGE == Distance Estimation (id: distance_estimation)
  0:00:02.807    49M / 251M  INFO    General                 (distance_estimation.cpp   :  75)   Processing library #0
  0:00:02.807    49M / 251M  INFO    General                 (distance_estimation_utils.:  23)   Estimating distances
  0:00:02.807    49M / 251M  INFO   DistanceEstimator        (distance_estimation.hpp   : 132)   Using SIMPLE distance estimator
  0:00:02.808    49M / 251M  INFO    General                 (distance_estimation_utils.: 137)   Refining clustered pair information
  0:00:02.808    49M / 251M  INFO    General                 (distance_estimation_utils.: 139)   The refining of clustered pair information has been finished
  0:00:02.808    49M / 251M  INFO    General                 (distance_estimation_utils.: 141)   Improving paired information
  0:00:02.810    49M / 251M  INFO   PairInfoImprover         (pair_info_improver.hpp    :  81)   Paired info stats: missing = 4; contradictional = 0
  0:00:02.812    49M / 251M  INFO   PairInfoImprover         (pair_info_improver.hpp    :  81)   Paired info stats: missing = 0; contradictional = 0
  0:00:02.812    49M / 251M  INFO    General                 (distance_estimation_utils.:  81)   Filling scaffolding index
  0:00:02.812    49M / 251M  INFO    General                 (distance_estimation_utils.:  23)   Estimating distances
  0:00:02.812    49M / 251M  INFO   DistanceEstimator        (distance_estimation.hpp   : 132)   Using SMOOTHING distance estimator
  0:00:02.813    49M / 251M  INFO    General                 (distance_estimation.cpp   :  84)   Clearing raw paired index
  0:00:02.813    49M / 251M  INFO   StageManager             (stage.cpp                 : 212)   STAGE == Repeat Resolving (id: repeat_resolving)
  0:00:02.813    49M / 251M  INFO    General                 (repeat_resolving.cpp      :  88)   Using Path-Extend repeat resolving
  0:00:02.813    49M / 251M  INFO    General                 (launcher.cpp              : 632)   ExSPAnder repeat resolving tool started
  0:00:02.813    49M / 251M  INFO    General                 (launcher.cpp              : 189)   Autodetecting unique edge set parameters...
  0:00:02.813    49M / 251M  INFO    General                 (launcher.cpp              : 191)   Minimal unique edge length set to the smallest MP library IS: 2001
  0:00:02.813    49M / 251M  INFO    General                 (coverage_uniformity_analyz:  25)   genomic coverage is 18.1438 calculated of length 234337
  0:00:02.814    49M / 251M  INFO    General                 (launcher.cpp              : 197)   median coverage for edges longer than 2001 is 18.1438 uniformity 100%
  0:00:02.814    49M / 251M  INFO   ScaffoldingUniqueEdgeAna (scaff_supplementary.cpp   :  78)   With length cutoff: 2001, median long edge coverage: 18.2076, and maximal unique coverage: 0.5
  0:00:02.814    49M / 251M  INFO   ScaffoldingUniqueEdgeAna (scaff_supplementary.cpp   :  81)   Unique edges quantity: 12, unique edges length 468674, total edges length 468846
  0:00:02.814    49M / 251M  INFO    General                 (launcher.cpp              : 440)   Creating main extenders, unique edge length = 2001
  0:00:02.814    49M / 251M  INFO    General                 (extenders_logic.cpp       : 341)   Estimated coverage of library #0 is 18.1942
  0:00:02.814    49M / 251M  INFO    General                 (extenders_logic.cpp       : 352)   Creating extender; library index size: 58
  0:00:02.814    49M / 251M  INFO    General                 (extenders_logic.cpp       : 341)   Estimated coverage of library #0 is 18.1942
  0:00:02.814    49M / 251M  INFO    General                 (extenders_logic.cpp       : 352)   Creating extender; library index size: 58
  0:00:02.814    49M / 251M  INFO    General                 (extenders_logic.cpp       : 550)   Using 1 paired-end library
  0:00:02.814    49M / 251M  INFO    General                 (extenders_logic.cpp       : 551)   Using 1 paired-end scaffolding library
  0:00:02.814    49M / 251M  INFO    General                 (extenders_logic.cpp       : 552)   Using 0 single read libraries
  0:00:02.814    49M / 251M  INFO    General                 (launcher.cpp              : 343)   Will add extenders for length 1701
  0:00:02.814    49M / 251M  INFO   ScaffoldingUniqueEdgeAna (scaff_supplementary.cpp   :  78)   With length cutoff: 1701, median long edge coverage: 18.2076, and maximal unique coverage: 0.5
  0:00:02.814    49M / 251M  INFO   ScaffoldingUniqueEdgeAna (scaff_supplementary.cpp   :  81)   Unique edges quantity: 12, unique edges length 468674, total edges length 468846
  0:00:02.814    49M / 251M  INFO    General                 (launcher.cpp              : 343)   Will add extenders for length 1401
  0:00:02.815    49M / 251M  INFO   ScaffoldingUniqueEdgeAna (scaff_supplementary.cpp   :  78)   With length cutoff: 1401, median long edge coverage: 18.2076, and maximal unique coverage: 0.5
  0:00:02.815    49M / 251M  INFO   ScaffoldingUniqueEdgeAna (scaff_supplementary.cpp   :  81)   Unique edges quantity: 12, unique edges length 468674, total edges length 468846
  0:00:02.815    49M / 251M  INFO    General                 (launcher.cpp              : 343)   Will add extenders for length 1101
  0:00:02.815    49M / 251M  INFO   ScaffoldingUniqueEdgeAna (scaff_supplementary.cpp   :  78)   With length cutoff: 1101, median long edge coverage: 18.2076, and maximal unique coverage: 0.5
  0:00:02.815    49M / 251M  INFO   ScaffoldingUniqueEdgeAna (scaff_supplementary.cpp   :  81)   Unique edges quantity: 12, unique edges length 468674, total edges length 468846
  0:00:02.815    49M / 251M  INFO    General                 (launcher.cpp              : 343)   Will add extenders for length 801
  0:00:02.815    49M / 251M  INFO   ScaffoldingUniqueEdgeAna (scaff_supplementary.cpp   :  78)   With length cutoff: 801, median long edge coverage: 18.2076, and maximal unique coverage: 0.5
  0:00:02.815    49M / 251M  INFO   ScaffoldingUniqueEdgeAna (scaff_supplementary.cpp   :  81)   Unique edges quantity: 12, unique edges length 468674, total edges length 468846
  0:00:02.815    49M / 251M  INFO    General                 (launcher.cpp              : 343)   Will add extenders for length 501
  0:00:02.815    49M / 251M  INFO   ScaffoldingUniqueEdgeAna (scaff_supplementary.cpp   :  78)   With length cutoff: 501, median long edge coverage: 18.2076, and maximal unique coverage: 0.5
  0:00:02.815    49M / 251M  INFO   ScaffoldingUniqueEdgeAna (scaff_supplementary.cpp   :  81)   Unique edges quantity: 12, unique edges length 468674, total edges length 468846
  0:00:02.815    49M / 251M  INFO    General                 (launcher.cpp              : 348)   Will add final extenders for length 500
  0:00:02.815    49M / 251M  INFO   ScaffoldingUniqueEdgeAna (scaff_supplementary.cpp   :  78)   With length cutoff: 500, median long edge coverage: 18.2076, and maximal unique coverage: 0.5
  0:00:02.815    49M / 251M  INFO   ScaffoldingUniqueEdgeAna (scaff_supplementary.cpp   :  81)   Unique edges quantity: 12, unique edges length 468674, total edges length 468846
  0:00:02.816    49M / 251M  INFO    General                 (extenders_logic.cpp       : 213)   Creating Scaffolding 2015 extender for lib #1
  0:00:02.816    49M / 251M  INFO    General                 (extenders_logic.cpp       : 217)   Paired unclustered indices not empty, using them
  0:00:02.816    49M / 251M  INFO   ExtensionChooser2015     (extension_chooser2015.hpp :  57)   ExtensionChooser2015 created
  0:00:02.816    49M / 251M  INFO    General                 (extenders_logic.cpp       : 397)   Using 1 mate-pair library
  0:00:02.816    49M / 251M  INFO    General                 (extenders_logic.cpp       : 213)   Creating Scaffolding 2015 extender for lib #1
  0:00:02.816    49M / 251M  INFO    General                 (extenders_logic.cpp       : 217)   Paired unclustered indices not empty, using them
  0:00:02.816    49M / 251M  INFO   ExtensionChooser2015     (extension_chooser2015.hpp :  57)   ExtensionChooser2015 created
  0:00:02.816    49M / 251M  INFO    General                 (extenders_logic.cpp       : 213)   Creating Scaffolding 2015 extender for lib #1
  0:00:02.816    49M / 251M  INFO    General                 (extenders_logic.cpp       : 217)   Paired unclustered indices not empty, using them
  0:00:02.816    49M / 251M  INFO   ExtensionChooser2015     (extension_chooser2015.hpp :  57)   ExtensionChooser2015 created
  0:00:02.816    49M / 251M  INFO    General                 (extenders_logic.cpp       : 213)   Creating Scaffolding 2015 extender for lib #1
  0:00:02.816    49M / 251M  INFO    General                 (extenders_logic.cpp       : 217)   Paired unclustered indices not empty, using them
  0:00:02.816    49M / 251M  INFO   ExtensionChooser2015     (extension_chooser2015.hpp :  57)   ExtensionChooser2015 created
  0:00:02.816    49M / 251M  INFO    General                 (extenders_logic.cpp       : 213)   Creating Scaffolding 2015 extender for lib #1
  0:00:02.816    49M / 251M  INFO    General                 (extenders_logic.cpp       : 217)   Paired unclustered indices not empty, using them
  0:00:02.816    49M / 251M  INFO   ExtensionChooser2015     (extension_chooser2015.hpp :  57)   ExtensionChooser2015 created
  0:00:02.816    49M / 251M  INFO    General                 (extenders_logic.cpp       : 213)   Creating Scaffolding 2015 extender for lib #1
  0:00:02.816    49M / 251M  INFO    General                 (extenders_logic.cpp       : 217)   Paired unclustered indices not empty, using them
  0:00:02.817    49M / 251M  INFO   ExtensionChooser2015     (extension_chooser2015.hpp :  57)   ExtensionChooser2015 created
  0:00:02.817    49M / 251M  INFO    General                 (extenders_logic.cpp       : 213)   Creating Scaffolding 2015 extender for lib #1
  0:00:02.817    49M / 251M  INFO    General                 (extenders_logic.cpp       : 217)   Paired unclustered indices not empty, using them
  0:00:02.817    49M / 251M  INFO   ExtensionChooser2015     (extension_chooser2015.hpp :  57)   ExtensionChooser2015 created
  0:00:02.817    49M / 251M  INFO    General                 (launcher.cpp              : 469)   Total number of extenders is 10
  0:00:02.817    49M / 252M  INFO    General                 (launcher.cpp              : 260)   Finalizing paths
  0:00:02.817    49M / 252M  INFO    General                 (launcher.cpp              : 262)   Deduplicating paths
  0:00:02.817    49M / 252M  INFO    General                 (launcher.cpp              : 266)   Paths deduplicated
  0:00:02.817    49M / 252M  INFO   PEResolver               (pe_resolver.cpp           :  70)   Removing overlaps
  0:00:02.817    49M / 252M  INFO   PEResolver               (pe_resolver.cpp           :  73)   Sorting paths
  0:00:02.817    49M / 252M  INFO   PEResolver               (pe_resolver.cpp           :  80)   Marking overlaps
  0:00:02.817    49M / 252M  INFO   OverlapRemover           (overlap_remover.hpp       : 120)   Marking start/end overlaps
  0:00:02.817    49M / 252M  INFO   OverlapRemover           (overlap_remover.hpp       : 123)   Marking remaining overlaps
  0:00:02.817    49M / 252M  INFO   PEResolver               (pe_resolver.cpp           :  83)   Splitting paths
  0:00:02.817    49M / 252M  INFO   PEResolver               (pe_resolver.cpp           :  88)   Deduplicating paths
  0:00:02.817    49M / 252M  INFO   PEResolver               (pe_resolver.cpp           :  90)   Overlaps removed
  0:00:02.817    49M / 252M  INFO    General                 (launcher.cpp              : 283)   Paths finalized
  0:00:02.817    49M / 252M  INFO    General                 (launcher.cpp              : 478)   Closing gaps in paths
  0:00:02.818    49M / 252M  INFO    General                 (launcher.cpp              : 508)   Gap closing completed
  0:00:02.818    49M / 252M  INFO    General                 (launcher.cpp              : 316)   Traversing tandem repeats
  0:00:02.818    49M / 252M  INFO    General                 (launcher.cpp              : 326)   Traversed 0 loops
  0:00:02.818    49M / 252M  INFO    General                 (launcher.cpp              : 260)   Finalizing paths
  0:00:02.818    49M / 252M  INFO    General                 (launcher.cpp              : 262)   Deduplicating paths
  0:00:02.818    49M / 252M  INFO    General                 (launcher.cpp              : 266)   Paths deduplicated
  0:00:02.818    49M / 252M  INFO   PEResolver               (pe_resolver.cpp           :  70)   Removing overlaps
  0:00:02.818    49M / 252M  INFO   PEResolver               (pe_resolver.cpp           :  73)   Sorting paths
  0:00:02.818    49M / 252M  INFO   PEResolver               (pe_resolver.cpp           :  80)   Marking overlaps
  0:00:02.818    49M / 252M  INFO   OverlapRemover           (overlap_remover.hpp       : 120)   Marking start/end overlaps
  0:00:02.818    49M / 252M  INFO   OverlapRemover           (overlap_remover.hpp       : 123)   Marking remaining overlaps
  0:00:02.818    49M / 252M  INFO   PEResolver               (pe_resolver.cpp           :  83)   Splitting paths
  0:00:02.818    49M / 252M  INFO   PEResolver               (pe_resolver.cpp           :  88)   Deduplicating paths
  0:00:02.818    49M / 252M  INFO   PEResolver               (pe_resolver.cpp           :  90)   Overlaps removed
  0:00:02.818    49M / 252M  INFO    General                 (launcher.cpp              : 283)   Paths finalized
  0:00:02.818    49M / 252M  INFO    General                 (launcher.cpp              : 697)   ExSPAnder repeat resolving tool finished
  0:00:02.818    49M / 252M  INFO   StageManager             (stage.cpp                 : 212)   STAGE == Contig Output (id: contig_output)
  0:00:02.818    49M / 252M  INFO    General                 (contig_output.hpp         :  20)   Outputting contigs to "/Users/akshatchauhan/Desktop/JHU/Computational_Genomics/Computatiional_Genomics/hw2/question4/bin/asm/K31/before_rr.fasta"
  0:00:02.819    49M / 252M  INFO    General                 (contig_output_stage.cpp   : 159)   Writing GFA graph to "/Users/akshatchauhan/Desktop/JHU/Computational_Genomics/Computatiional_Genomics/hw2/question4/bin/asm/K31/assembly_graph_with_scaffolds.gfa"
  0:00:02.820    49M / 252M  INFO    General                 (contig_output_stage.cpp   : 175)   Outputting FastG graph to "/Users/akshatchauhan/Desktop/JHU/Computational_Genomics/Computatiional_Genomics/hw2/question4/bin/asm/K31/assembly_graph.fastg"
  0:00:02.821    49M / 252M  INFO    General                 (contig_output_stage.cpp   : 210)   Breaking scaffolds
  0:00:02.821    49M / 252M  INFO    General                 (contig_output_stage.cpp   : 101)   Outputting contigs to /Users/akshatchauhan/Desktop/JHU/Computational_Genomics/Computatiional_Genomics/hw2/question4/bin/asm/K31/final_contigs.fasta
  0:00:02.822    49M / 252M  INFO    General                 (contig_output_stage.cpp   : 107)   Outputting FastG paths to /Users/akshatchauhan/Desktop/JHU/Computational_Genomics/Computatiional_Genomics/hw2/question4/bin/asm/K31/final_contigs.paths
  0:00:02.822    49M / 252M  INFO    General                 (contig_output_stage.cpp   : 101)   Outputting contigs to /Users/akshatchauhan/Desktop/JHU/Computational_Genomics/Computatiional_Genomics/hw2/question4/bin/asm/K31/scaffolds.fasta
  0:00:02.823    49M / 252M  INFO    General                 (contig_output_stage.cpp   : 107)   Outputting FastG paths to /Users/akshatchauhan/Desktop/JHU/Computational_Genomics/Computatiional_Genomics/hw2/question4/bin/asm/K31/scaffolds.paths
  0:00:02.823    49M / 252M  INFO    General                 (contig_output_stage.cpp   : 114)   Populating GFA with scaffold paths
  0:00:02.823    49M / 252M  INFO    General                 (pipeline.cpp              : 303)   SPAdes finished
  0:00:02.838     1M / 252M  INFO    General                 (main.cpp                  : 131)   Assembling time: 0 hours 0 minutes 2 seconds

===== K31 finished. 


===== Copy files started. 


== Running: /Users/akshatchauhan/miniforge3/envs/asn2/bin/python3 /Users/akshatchauhan/miniforge3/envs/asn2/share/spades/spades_pipeline/scripts/copy_files.py /Users/akshatchauhan/Desktop/JHU/Computational_Genomics/Computatiional_Genomics/hw2/question4/bin/asm/K31/before_rr.fasta /Users/akshatchauhan/Desktop/JHU/Computational_Genomics/Computatiional_Genomics/hw2/question4/bin/asm/before_rr.fasta /Users/akshatchauhan/Desktop/JHU/Computational_Genomics/Computatiional_Genomics/hw2/question4/bin/asm/K31/assembly_graph_after_simplification.gfa /Users/akshatchauhan/Desktop/JHU/Computational_Genomics/Computatiional_Genomics/hw2/question4/bin/asm/assembly_graph_after_simplification.gfa /Users/akshatchauhan/Desktop/JHU/Computational_Genomics/Computatiional_Genomics/hw2/question4/bin/asm/K31/final_contigs.fasta /Users/akshatchauhan/Desktop/JHU/Computational_Genomics/Computatiional_Genomics/hw2/question4/bin/asm/contigs.fasta /Users/akshatchauhan/Desktop/JHU/Computational_Genomics/Computatiional_Genomics/hw2/question4/bin/asm/K31/first_pe_contigs.fasta /Users/akshatchauhan/Desktop/JHU/Computational_Genomics/Computatiional_Genomics/hw2/question4/bin/asm/first_pe_contigs.fasta /Users/akshatchauhan/Desktop/JHU/Computational_Genomics/Computatiional_Genomics/hw2/question4/bin/asm/K31/strain_graph.gfa /Users/akshatchauhan/Desktop/JHU/Computational_Genomics/Computatiional_Genomics/hw2/question4/bin/asm/strain_graph.gfa /Users/akshatchauhan/Desktop/JHU/Computational_Genomics/Computatiional_Genomics/hw2/question4/bin/asm/K31/scaffolds.fasta /Users/akshatchauhan/Desktop/JHU/Computational_Genomics/Computatiional_Genomics/hw2/question4/bin/asm/scaffolds.fasta /Users/akshatchauhan/Desktop/JHU/Computational_Genomics/Computatiional_Genomics/hw2/question4/bin/asm/K31/scaffolds.paths /Users/akshatchauhan/Desktop/JHU/Computational_Genomics/Computatiional_Genomics/hw2/question4/bin/asm/scaffolds.paths /Users/akshatchauhan/Desktop/JHU/Computational_Genomics/Computatiional_Genomics/hw2/question4/bin/asm/K31/assembly_graph_with_scaffolds.gfa /Users/akshatchauhan/Desktop/JHU/Computational_Genomics/Computatiional_Genomics/hw2/question4/bin/asm/assembly_graph_with_scaffolds.gfa /Users/akshatchauhan/Desktop/JHU/Computational_Genomics/Computatiional_Genomics/hw2/question4/bin/asm/K31/assembly_graph.fastg /Users/akshatchauhan/Desktop/JHU/Computational_Genomics/Computatiional_Genomics/hw2/question4/bin/asm/assembly_graph.fastg /Users/akshatchauhan/Desktop/JHU/Computational_Genomics/Computatiional_Genomics/hw2/question4/bin/asm/K31/final_contigs.paths /Users/akshatchauhan/Desktop/JHU/Computational_Genomics/Computatiional_Genomics/hw2/question4/bin/asm/contigs.paths


===== Copy files finished. 


===== Assembling finished. 


===== Breaking scaffolds started. 


== Running: /Users/akshatchauhan/miniforge3/envs/asn2/bin/python3 /Users/akshatchauhan/miniforge3/envs/asn2/share/spades/spades_pipeline/scripts/breaking_scaffolds_script.py --result_scaffolds_filename /Users/akshatchauhan/Desktop/JHU/Computational_Genomics/Computatiional_Genomics/hw2/question4/bin/asm/scaffolds.fasta --misc_dir /Users/akshatchauhan/Desktop/JHU/Computational_Genomics/Computatiional_Genomics/hw2/question4/bin/asm/misc --threshold_for_breaking_scaffolds 3


===== Breaking scaffolds finished. 


===== Terminate started. 


===== Terminate finished. 

 * Assembled contigs are in /Users/akshatchauhan/Desktop/JHU/Computational_Genomics/Computatiional_Genomics/hw2/question4/bin/asm/contigs.fasta
 * Assembled scaffolds are in /Users/akshatchauhan/Desktop/JHU/Computational_Genomics/Computatiional_Genomics/hw2/question4/bin/asm/scaffolds.fasta
 * Paths in the assembly graph corresponding to the contigs are in /Users/akshatchauhan/Desktop/JHU/Computational_Genomics/Computatiional_Genomics/hw2/question4/bin/asm/contigs.paths
 * Paths in the assembly graph corresponding to the scaffolds are in /Users/akshatchauhan/Desktop/JHU/Computational_Genomics/Computatiional_Genomics/hw2/question4/bin/asm/scaffolds.paths
 * Assembly graph is in /Users/akshatchauhan/Desktop/JHU/Computational_Genomics/Computatiional_Genomics/hw2/question4/bin/asm/assembly_graph.fastg
 * Assembly graph in GFA format is in /Users/akshatchauhan/Desktop/JHU/Computational_Genomics/Computatiional_Genomics/hw2/question4/bin/asm/assembly_graph_with_scaffolds.gfa

======= SPAdes pipeline finished WITH WARNINGS!

=== Error correction and assembling warnings:
 * 0:00:00.000     1M / 6M    WARN    General                 (memory_limit.cpp          :  53)   Failed to limit memory to 250 Gb, setrlimit(2) call failed, errno = 22 (Invalid argument). Watch your memory consumption!
======= Warnings saved to /Users/akshatchauhan/Desktop/JHU/Computational_Genomics/Computatiional_Genomics/hw2/question4/bin/asm/warnings.log

SPAdes log can be found here: /Users/akshatchauhan/Desktop/JHU/Computational_Genomics/Computatiional_Genomics/hw2/question4/bin/asm/spades.log

Thank you for using SPAdes! If you use it in your research, please cite:

  Prjibelski, A., Antipov, D., Meleshko, D., Lapidus, A. and Korobeynikov, A., 2020. Using SPAdes de novo assembler. Current protocols in bioinformatics, 70(1), p.e102.
  doi.org/10.1002/cpbi.102

